2026-02-13 20:45:42,351 [INFO] [logger] --- CawOS Logger Initialized (Fresh Session) ---
2026-02-13 20:45:42,353 [INFO] [logger] Previous session log saved as system.old.log
2026-02-13 20:45:42,353 [INFO] [main] --- CawOS Boot Process Started ---
2026-02-13 20:45:42,592 [INFO] [main] Verifying system integrity...
2026-02-13 20:45:42,592 [INFO] [verify] Starting system integrity check...
2026-02-13 20:45:42,606 [INFO] [verify] Integrity check passed.
2026-02-13 20:45:42,617 [INFO] [main] Executing security checks
2026-02-13 20:45:42,617 [INFO] [secure] Running security boot check (sec_block)
2026-02-13 20:45:42,626 [INFO] [main] Calling bootloader
2026-02-13 20:45:42,626 [INFO] [boot] Initializing Bootloader...
2026-02-13 20:45:42,630 [INFO] [boot] Multi-OS boot capability: False
2026-02-13 20:45:42,632 [INFO] [boot] Bootloader passing control to: CawOS
2026-02-13 20:45:42,632 [INFO] [main] Selected OS: CawOS
2026-02-13 20:45:42,632 [INFO] [main] Importing kernel: core.os.CawOS.kernel
2026-02-13 20:45:42,739 [INFO] [kernel] Kernel initialized for CawOS
2026-02-13 20:45:42,739 [INFO] [main] Kernel instance created. Panic count reset.
2026-02-13 20:45:42,740 [INFO] [kernel] Kernel execution started
2026-02-13 20:45:42,740 [INFO] [kernel] System subsystems check: OK
2026-02-13 20:45:42,740 [INFO] [kernel] Transferring control to Shell...
2026-02-13 20:45:42,741 [INFO] [shell] Shell session started
2026-02-13 20:45:42,839 [ERROR] [fs] IO Error: [Errno 2] No such file or directory: 'C:\\CawOS\\data\\json\\info.json'
2026-02-13 20:45:44,955 [INFO] [shell] Command entered: ls with args: []
2026-02-13 20:45:44,974 [ERROR] [fs] IO Error: [Errno 2] No such file or directory: 'C:\\CawOS\\data\\json\\info.json'
2026-02-13 20:45:49,402 [INFO] [shell] Command entered: rename with args: ['app', 'apps']
2026-02-13 20:45:49,412 [ERROR] [fs] IO Error: [Errno 2] No such file or directory: 'C:\\CawOS\\data\\json\\info.json'
2026-02-13 20:45:50,355 [INFO] [shell] Command entered: ls with args: []
2026-02-13 20:45:50,372 [ERROR] [fs] IO Error: [Errno 2] No such file or directory: 'C:\\CawOS\\data\\json\\info.json'
